<?xml version="1.0" encoding="UTF-8"?>
<!-- Generated by org.testng.reporters.JUnitReportReporter -->
<testsuite skipped="0" hostname="DESKTOP-6IP7VMK" name="practiceTestNG.LearnTestNG" tests="2" failures="0" timestamp="2022-10-02T15:09:57 EDT" time="0.007" errors="0">
  <testcase name="test" time="0.005" classname="practiceTestNG.LearnTestNG"/>
  <system-out/>
  <testcase name="test1" time="0.002" classname="practiceTestNG.LearnTestNG"/>
  <system-out/>
</testsuite> <!-- practiceTestNG.LearnTestNG -->
